<?xml version="1.0" encoding="UTF-8"?>
<robot generator="Robot 3.2.2 (Python 3.9.0 on win32)" generated="20210104 20:22:05.656" rpa="false">
<suite id="s1" name="TestPracticeBDD" source="C:\ROBOT\ProjetosRobot\SuiteSiteTestePractice\tests\TestPracticeBDD.robot">
<test id="s1-t1" name="Cenário 01: Pesquisar produto Existente">
<kw name="Abrir Navegador" library="resource" type="setup">
<kw name="Open Browser" library="SeleniumLibrary">
<doc>Opens a new browser instance to the optional ``url``.</doc>
<arguments>
<arg>about:blank</arg>
<arg>${BROWSER}</arg>
</arguments>
<msg timestamp="20210104 20:22:06.175" level="INFO">Opening browser 'Chrome' to base url 'about:blank'.</msg>
<status status="PASS" starttime="20210104 20:22:06.175" endtime="20210104 20:22:10.983"></status>
</kw>
<status status="PASS" starttime="20210104 20:22:06.175" endtime="20210104 20:22:10.983"></status>
</kw>
<kw name="Dado que estou na página HOME do site">
<kw name="Acessar a página HOME do Site" library="resource">
<kw name="Go To" library="SeleniumLibrary">
<doc>Navigates the current browser window to the provided ``url``.</doc>
<arguments>
<arg>http://automationpractice.com</arg>
</arguments>
<msg timestamp="20210104 20:22:10.986" level="INFO">Opening url 'http://automationpractice.com'</msg>
<status status="PASS" starttime="20210104 20:22:10.985" endtime="20210104 20:22:16.958"></status>
</kw>
<kw name="Title Should Be" library="SeleniumLibrary">
<doc>Verifies that the current page title equals ``title``.</doc>
<arguments>
<arg>My Store</arg>
</arguments>
<msg timestamp="20210104 20:22:16.964" level="INFO">Page title is 'My Store'.</msg>
<status status="PASS" starttime="20210104 20:22:16.958" endtime="20210104 20:22:16.964"></status>
</kw>
<status status="PASS" starttime="20210104 20:22:10.985" endtime="20210104 20:22:16.964"></status>
</kw>
<status status="PASS" starttime="20210104 20:22:10.984" endtime="20210104 20:22:16.964"></status>
</kw>
<kw name="Quando eu pesquisar pelo produto &quot;Blouse&quot;">
<kw name="Digitar o nome do produto &quot;Blouse&quot; no campo de Pesquisa" library="resource">
<kw name="Input Text" library="SeleniumLibrary">
<doc>Types the given ``text`` into the text field identified by ``locator``.</doc>
<arguments>
<arg>name=search_query</arg>
<arg>${PRODUTO}</arg>
</arguments>
<msg timestamp="20210104 20:22:16.967" level="INFO">Typing text 'Blouse' into text field 'name=search_query'.</msg>
<status status="PASS" starttime="20210104 20:22:16.966" endtime="20210104 20:22:17.071"></status>
</kw>
<status status="PASS" starttime="20210104 20:22:16.966" endtime="20210104 20:22:17.071"></status>
</kw>
<kw name="Clicar no botão Pesquisar" library="resource">
<kw name="Click Element" library="SeleniumLibrary">
<doc>Click the element identified by ``locator``.</doc>
<arguments>
<arg>name=submit_search</arg>
</arguments>
<msg timestamp="20210104 20:22:17.071" level="INFO">Clicking element 'name=submit_search'.</msg>
<status status="PASS" starttime="20210104 20:22:17.071" endtime="20210104 20:22:18.935"></status>
</kw>
<status status="PASS" starttime="20210104 20:22:17.071" endtime="20210104 20:22:18.935"></status>
</kw>
<status status="PASS" starttime="20210104 20:22:16.965" endtime="20210104 20:22:18.935"></status>
</kw>
<kw name="Então o produto &quot;Blouse&quot; deve ser listado na página de resultado da busca">
<kw name="Conferir se o produto &quot;Blouse&quot; foi listado no site" library="resource">
<kw name="Wait Until Element Is Visible" library="SeleniumLibrary">
<doc>Waits until the element ``locator`` is visible.</doc>
<arguments>
<arg>css=#center_column &gt; h1</arg>
</arguments>
<status status="PASS" starttime="20210104 20:22:18.936" endtime="20210104 20:22:18.960"></status>
</kw>
<kw name="Title Should Be" library="SeleniumLibrary">
<doc>Verifies that the current page title equals ``title``.</doc>
<arguments>
<arg>Search - My Store</arg>
</arguments>
<msg timestamp="20210104 20:22:18.965" level="INFO">Page title is 'Search - My Store'.</msg>
<status status="PASS" starttime="20210104 20:22:18.960" endtime="20210104 20:22:18.965"></status>
</kw>
<kw name="Page Should Contain Image" library="SeleniumLibrary">
<doc>Verifies image identified by ``locator`` is found from current page.</doc>
<arguments>
<arg>xpath=//*[@id="center_column"]/ul/li/div/div[1]/div/a[1]/img</arg>
</arguments>
<msg timestamp="20210104 20:22:18.982" level="INFO">Current page contains image 'xpath=//*[@id="center_column"]/ul/li/div/div[1]/div/a[1]/img'.</msg>
<status status="PASS" starttime="20210104 20:22:18.965" endtime="20210104 20:22:18.982"></status>
</kw>
<kw name="Page Should Contain Link" library="SeleniumLibrary">
<doc>Verifies link identified by ``locator`` is found from current page.</doc>
<arguments>
<arg>xpath=//*[@id="center_column"]/ul/li/div/div[2]/h5/a</arg>
</arguments>
<msg timestamp="20210104 20:22:18.996" level="INFO">Current page contains link 'xpath=//*[@id="center_column"]/ul/li/div/div[2]/h5/a'.</msg>
<status status="PASS" starttime="20210104 20:22:18.982" endtime="20210104 20:22:18.996"></status>
</kw>
<status status="PASS" starttime="20210104 20:22:18.936" endtime="20210104 20:22:18.996"></status>
</kw>
<status status="PASS" starttime="20210104 20:22:18.936" endtime="20210104 20:22:18.997"></status>
</kw>
<kw name="Fechar Navegador" library="resource" type="teardown">
<kw name="Close Browser" library="SeleniumLibrary">
<doc>Closes the current browser.</doc>
<status status="PASS" starttime="20210104 20:22:18.998" endtime="20210104 20:22:21.125"></status>
</kw>
<status status="PASS" starttime="20210104 20:22:18.997" endtime="20210104 20:22:21.125"></status>
</kw>
<status status="PASS" starttime="20210104 20:22:06.174" endtime="20210104 20:22:21.127" critical="yes"></status>
</test>
<test id="s1-t2" name="Cenário 02: Pesquisar produto não existente">
<kw name="Abrir Navegador" library="resource" type="setup">
<kw name="Open Browser" library="SeleniumLibrary">
<doc>Opens a new browser instance to the optional ``url``.</doc>
<arguments>
<arg>about:blank</arg>
<arg>${BROWSER}</arg>
</arguments>
<msg timestamp="20210104 20:22:21.148" level="INFO">Opening browser 'Chrome' to base url 'about:blank'.</msg>
<status status="PASS" starttime="20210104 20:22:21.147" endtime="20210104 20:22:24.724"></status>
</kw>
<status status="PASS" starttime="20210104 20:22:21.146" endtime="20210104 20:22:24.725"></status>
</kw>
<kw name="Dado que estou na página HOME do site">
<kw name="Acessar a página HOME do Site" library="resource">
<kw name="Go To" library="SeleniumLibrary">
<doc>Navigates the current browser window to the provided ``url``.</doc>
<arguments>
<arg>http://automationpractice.com</arg>
</arguments>
<msg timestamp="20210104 20:22:24.726" level="INFO">Opening url 'http://automationpractice.com'</msg>
<status status="PASS" starttime="20210104 20:22:24.726" endtime="20210104 20:22:29.664"></status>
</kw>
<kw name="Title Should Be" library="SeleniumLibrary">
<doc>Verifies that the current page title equals ``title``.</doc>
<arguments>
<arg>My Store</arg>
</arguments>
<msg timestamp="20210104 20:22:29.670" level="INFO">Page title is 'My Store'.</msg>
<status status="PASS" starttime="20210104 20:22:29.664" endtime="20210104 20:22:29.670"></status>
</kw>
<status status="PASS" starttime="20210104 20:22:24.725" endtime="20210104 20:22:29.670"></status>
</kw>
<status status="PASS" starttime="20210104 20:22:24.725" endtime="20210104 20:22:29.670"></status>
</kw>
<kw name="Quando eu pesquisar pelo produto &quot;produtoNãoExistente&quot;">
<kw name="Digitar o nome do produto &quot;produtoNãoExistente&quot; no campo de Pesquisa" library="resource">
<kw name="Input Text" library="SeleniumLibrary">
<doc>Types the given ``text`` into the text field identified by ``locator``.</doc>
<arguments>
<arg>name=search_query</arg>
<arg>${PRODUTO}</arg>
</arguments>
<msg timestamp="20210104 20:22:29.671" level="INFO">Typing text 'produtoNãoExistente' into text field 'name=search_query'.</msg>
<status status="PASS" starttime="20210104 20:22:29.671" endtime="20210104 20:22:29.764"></status>
</kw>
<status status="PASS" starttime="20210104 20:22:29.671" endtime="20210104 20:22:29.765"></status>
</kw>
<kw name="Clicar no botão Pesquisar" library="resource">
<kw name="Click Element" library="SeleniumLibrary">
<doc>Click the element identified by ``locator``.</doc>
<arguments>
<arg>name=submit_search</arg>
</arguments>
<msg timestamp="20210104 20:22:29.765" level="INFO">Clicking element 'name=submit_search'.</msg>
<status status="PASS" starttime="20210104 20:22:29.765" endtime="20210104 20:22:31.702"></status>
</kw>
<status status="PASS" starttime="20210104 20:22:29.765" endtime="20210104 20:22:31.703"></status>
</kw>
<status status="PASS" starttime="20210104 20:22:29.671" endtime="20210104 20:22:31.703"></status>
</kw>
<kw name="Então a página deve exibir a mensagem &quot;No results were found for your search &quot;produtoNãoExistente&quot;&quot;">
<kw name="Conferir mensagem de erro &quot;${MENSAGEM_ALERTA}&quot;" library="resource">
<kw name="Wait Until Element Is Visible" library="SeleniumLibrary">
<doc>Waits until the element ``locator`` is visible.</doc>
<arguments>
<arg>//*[@id="center_column"]/p[@class='alert alert-warning']</arg>
</arguments>
<status status="PASS" starttime="20210104 20:22:31.704" endtime="20210104 20:22:31.727"></status>
</kw>
<kw name="Element Text Should Be" library="SeleniumLibrary">
<doc>Verifies that element ``locator`` contains exact the text ``expected``.</doc>
<arguments>
<arg>//*[@id="center_column"]/p[@class='alert alert-warning']</arg>
<arg>${MENSAGEM_ALERTA}</arg>
</arguments>
<msg timestamp="20210104 20:22:31.727" level="INFO">Verifying element '//*[@id="center_column"]/p[@class='alert alert-warning']' contains exact text 'No results were found for your search "produtoNãoExistente"'.</msg>
<status status="PASS" starttime="20210104 20:22:31.727" endtime="20210104 20:22:31.747"></status>
</kw>
<status status="PASS" starttime="20210104 20:22:31.703" endtime="20210104 20:22:31.747"></status>
</kw>
<status status="PASS" starttime="20210104 20:22:31.703" endtime="20210104 20:22:31.747"></status>
</kw>
<kw name="Fechar Navegador" library="resource" type="teardown">
<kw name="Close Browser" library="SeleniumLibrary">
<doc>Closes the current browser.</doc>
<status status="PASS" starttime="20210104 20:22:31.748" endtime="20210104 20:22:33.867"></status>
</kw>
<status status="PASS" starttime="20210104 20:22:31.748" endtime="20210104 20:22:33.868"></status>
</kw>
<status status="PASS" starttime="20210104 20:22:21.143" endtime="20210104 20:22:33.869" critical="yes"></status>
</test>
<status status="PASS" starttime="20210104 20:22:05.658" endtime="20210104 20:22:33.885"></status>
</suite>
<statistics>
<total>
<stat pass="2" fail="0">Critical Tests</stat>
<stat pass="2" fail="0">All Tests</stat>
</total>
<tag>
</tag>
<suite>
<stat pass="2" fail="0" id="s1" name="TestPracticeBDD">TestPracticeBDD</stat>
</suite>
</statistics>
<errors>
</errors>
</robot>
