<?xml version="1.0" encoding="UTF-8"?>
<robot generator="Robot 3.2.2 (Python 3.9.0 on win32)" generated="20210119 22:39:23.725" rpa="false">
<suite id="s1" name="ForInRange" source="C:\ROBOT\ProjetosRobot\Curso Robotframework Advanced\Loops\ForInRange.robot">
<test id="s1-t1" name="Teste mais opções">
<kw name="Tradicional">
<doc>Percorre de 1 até 10</doc>
<kw name="${index} IN RANGE [ 1 | 11 ]" type="for">
<kw name="${index} = 1" type="foritem">
<kw name="Log" library="BuiltIn">
<doc>Logs the given message with the given level.</doc>
<arguments>
<arg>${index}</arg>
</arguments>
<msg timestamp="20210119 22:39:23.749" level="INFO">1</msg>
<status status="PASS" starttime="20210119 22:39:23.748" endtime="20210119 22:39:23.749"></status>
</kw>
<status status="PASS" starttime="20210119 22:39:23.747" endtime="20210119 22:39:23.749"></status>
</kw>
<kw name="${index} = 2" type="foritem">
<kw name="Log" library="BuiltIn">
<doc>Logs the given message with the given level.</doc>
<arguments>
<arg>${index}</arg>
</arguments>
<msg timestamp="20210119 22:39:23.749" level="INFO">2</msg>
<status status="PASS" starttime="20210119 22:39:23.749" endtime="20210119 22:39:23.749"></status>
</kw>
<status status="PASS" starttime="20210119 22:39:23.749" endtime="20210119 22:39:23.749"></status>
</kw>
<kw name="${index} = 3" type="foritem">
<kw name="Log" library="BuiltIn">
<doc>Logs the given message with the given level.</doc>
<arguments>
<arg>${index}</arg>
</arguments>
<msg timestamp="20210119 22:39:23.750" level="INFO">3</msg>
<status status="PASS" starttime="20210119 22:39:23.749" endtime="20210119 22:39:23.750"></status>
</kw>
<status status="PASS" starttime="20210119 22:39:23.749" endtime="20210119 22:39:23.750"></status>
</kw>
<kw name="${index} = 4" type="foritem">
<kw name="Log" library="BuiltIn">
<doc>Logs the given message with the given level.</doc>
<arguments>
<arg>${index}</arg>
</arguments>
<msg timestamp="20210119 22:39:23.750" level="INFO">4</msg>
<status status="PASS" starttime="20210119 22:39:23.750" endtime="20210119 22:39:23.750"></status>
</kw>
<status status="PASS" starttime="20210119 22:39:23.750" endtime="20210119 22:39:23.750"></status>
</kw>
<kw name="${index} = 5" type="foritem">
<kw name="Log" library="BuiltIn">
<doc>Logs the given message with the given level.</doc>
<arguments>
<arg>${index}</arg>
</arguments>
<msg timestamp="20210119 22:39:23.751" level="INFO">5</msg>
<status status="PASS" starttime="20210119 22:39:23.750" endtime="20210119 22:39:23.751"></status>
</kw>
<status status="PASS" starttime="20210119 22:39:23.750" endtime="20210119 22:39:23.751"></status>
</kw>
<kw name="${index} = 6" type="foritem">
<kw name="Log" library="BuiltIn">
<doc>Logs the given message with the given level.</doc>
<arguments>
<arg>${index}</arg>
</arguments>
<msg timestamp="20210119 22:39:23.751" level="INFO">6</msg>
<status status="PASS" starttime="20210119 22:39:23.751" endtime="20210119 22:39:23.751"></status>
</kw>
<status status="PASS" starttime="20210119 22:39:23.751" endtime="20210119 22:39:23.751"></status>
</kw>
<kw name="${index} = 7" type="foritem">
<kw name="Log" library="BuiltIn">
<doc>Logs the given message with the given level.</doc>
<arguments>
<arg>${index}</arg>
</arguments>
<msg timestamp="20210119 22:39:23.752" level="INFO">7</msg>
<status status="PASS" starttime="20210119 22:39:23.752" endtime="20210119 22:39:23.752"></status>
</kw>
<status status="PASS" starttime="20210119 22:39:23.752" endtime="20210119 22:39:23.752"></status>
</kw>
<kw name="${index} = 8" type="foritem">
<kw name="Log" library="BuiltIn">
<doc>Logs the given message with the given level.</doc>
<arguments>
<arg>${index}</arg>
</arguments>
<msg timestamp="20210119 22:39:23.752" level="INFO">8</msg>
<status status="PASS" starttime="20210119 22:39:23.752" endtime="20210119 22:39:23.753"></status>
</kw>
<status status="PASS" starttime="20210119 22:39:23.752" endtime="20210119 22:39:23.753"></status>
</kw>
<kw name="${index} = 9" type="foritem">
<kw name="Log" library="BuiltIn">
<doc>Logs the given message with the given level.</doc>
<arguments>
<arg>${index}</arg>
</arguments>
<msg timestamp="20210119 22:39:23.753" level="INFO">9</msg>
<status status="PASS" starttime="20210119 22:39:23.753" endtime="20210119 22:39:23.753"></status>
</kw>
<status status="PASS" starttime="20210119 22:39:23.753" endtime="20210119 22:39:23.753"></status>
</kw>
<kw name="${index} = 10" type="foritem">
<kw name="Log" library="BuiltIn">
<doc>Logs the given message with the given level.</doc>
<arguments>
<arg>${index}</arg>
</arguments>
<msg timestamp="20210119 22:39:23.754" level="INFO">10</msg>
<status status="PASS" starttime="20210119 22:39:23.753" endtime="20210119 22:39:23.754"></status>
</kw>
<status status="PASS" starttime="20210119 22:39:23.753" endtime="20210119 22:39:23.754"></status>
</kw>
<status status="PASS" starttime="20210119 22:39:23.747" endtime="20210119 22:39:23.754"></status>
</kw>
<status status="PASS" starttime="20210119 22:39:23.747" endtime="20210119 22:39:23.754"></status>
</kw>
<kw name="Apenas QTDE de laços informada (limite superior)">
<doc>Percorre de 0 até 9</doc>
<kw name="${index} IN RANGE [ 10 ]" type="for">
<kw name="${index} = 0" type="foritem">
<kw name="Log" library="BuiltIn">
<doc>Logs the given message with the given level.</doc>
<arguments>
<arg>${index}</arg>
</arguments>
<msg timestamp="20210119 22:39:23.755" level="INFO">0</msg>
<status status="PASS" starttime="20210119 22:39:23.755" endtime="20210119 22:39:23.755"></status>
</kw>
<status status="PASS" starttime="20210119 22:39:23.755" endtime="20210119 22:39:23.755"></status>
</kw>
<kw name="${index} = 1" type="foritem">
<kw name="Log" library="BuiltIn">
<doc>Logs the given message with the given level.</doc>
<arguments>
<arg>${index}</arg>
</arguments>
<msg timestamp="20210119 22:39:23.755" level="INFO">1</msg>
<status status="PASS" starttime="20210119 22:39:23.755" endtime="20210119 22:39:23.755"></status>
</kw>
<status status="PASS" starttime="20210119 22:39:23.755" endtime="20210119 22:39:23.755"></status>
</kw>
<kw name="${index} = 2" type="foritem">
<kw name="Log" library="BuiltIn">
<doc>Logs the given message with the given level.</doc>
<arguments>
<arg>${index}</arg>
</arguments>
<msg timestamp="20210119 22:39:23.756" level="INFO">2</msg>
<status status="PASS" starttime="20210119 22:39:23.756" endtime="20210119 22:39:23.756"></status>
</kw>
<status status="PASS" starttime="20210119 22:39:23.756" endtime="20210119 22:39:23.756"></status>
</kw>
<kw name="${index} = 3" type="foritem">
<kw name="Log" library="BuiltIn">
<doc>Logs the given message with the given level.</doc>
<arguments>
<arg>${index}</arg>
</arguments>
<msg timestamp="20210119 22:39:23.756" level="INFO">3</msg>
<status status="PASS" starttime="20210119 22:39:23.756" endtime="20210119 22:39:23.756"></status>
</kw>
<status status="PASS" starttime="20210119 22:39:23.756" endtime="20210119 22:39:23.756"></status>
</kw>
<kw name="${index} = 4" type="foritem">
<kw name="Log" library="BuiltIn">
<doc>Logs the given message with the given level.</doc>
<arguments>
<arg>${index}</arg>
</arguments>
<msg timestamp="20210119 22:39:23.757" level="INFO">4</msg>
<status status="PASS" starttime="20210119 22:39:23.756" endtime="20210119 22:39:23.757"></status>
</kw>
<status status="PASS" starttime="20210119 22:39:23.756" endtime="20210119 22:39:23.757"></status>
</kw>
<kw name="${index} = 5" type="foritem">
<kw name="Log" library="BuiltIn">
<doc>Logs the given message with the given level.</doc>
<arguments>
<arg>${index}</arg>
</arguments>
<msg timestamp="20210119 22:39:23.757" level="INFO">5</msg>
<status status="PASS" starttime="20210119 22:39:23.757" endtime="20210119 22:39:23.757"></status>
</kw>
<status status="PASS" starttime="20210119 22:39:23.757" endtime="20210119 22:39:23.757"></status>
</kw>
<kw name="${index} = 6" type="foritem">
<kw name="Log" library="BuiltIn">
<doc>Logs the given message with the given level.</doc>
<arguments>
<arg>${index}</arg>
</arguments>
<msg timestamp="20210119 22:39:23.758" level="INFO">6</msg>
<status status="PASS" starttime="20210119 22:39:23.757" endtime="20210119 22:39:23.758"></status>
</kw>
<status status="PASS" starttime="20210119 22:39:23.757" endtime="20210119 22:39:23.758"></status>
</kw>
<kw name="${index} = 7" type="foritem">
<kw name="Log" library="BuiltIn">
<doc>Logs the given message with the given level.</doc>
<arguments>
<arg>${index}</arg>
</arguments>
<msg timestamp="20210119 22:39:23.758" level="INFO">7</msg>
<status status="PASS" starttime="20210119 22:39:23.758" endtime="20210119 22:39:23.758"></status>
</kw>
<status status="PASS" starttime="20210119 22:39:23.758" endtime="20210119 22:39:23.758"></status>
</kw>
<kw name="${index} = 8" type="foritem">
<kw name="Log" library="BuiltIn">
<doc>Logs the given message with the given level.</doc>
<arguments>
<arg>${index}</arg>
</arguments>
<msg timestamp="20210119 22:39:23.758" level="INFO">8</msg>
<status status="PASS" starttime="20210119 22:39:23.758" endtime="20210119 22:39:23.758"></status>
</kw>
<status status="PASS" starttime="20210119 22:39:23.758" endtime="20210119 22:39:23.758"></status>
</kw>
<kw name="${index} = 9" type="foritem">
<kw name="Log" library="BuiltIn">
<doc>Logs the given message with the given level.</doc>
<arguments>
<arg>${index}</arg>
</arguments>
<msg timestamp="20210119 22:39:23.759" level="INFO">9</msg>
<status status="PASS" starttime="20210119 22:39:23.758" endtime="20210119 22:39:23.759"></status>
</kw>
<status status="PASS" starttime="20210119 22:39:23.758" endtime="20210119 22:39:23.759"></status>
</kw>
<status status="PASS" starttime="20210119 22:39:23.755" endtime="20210119 22:39:23.759"></status>
</kw>
<status status="PASS" starttime="20210119 22:39:23.754" endtime="20210119 22:39:23.759"></status>
</kw>
<kw name="Aritmético">
<doc>Percorre de 0 até 5</doc>
<kw name="Set Variable" library="BuiltIn">
<doc>Returns the given values which can then be assigned to a variables.</doc>
<arguments>
<arg>${5}</arg>
</arguments>
<assign>
<var>${var}</var>
</assign>
<msg timestamp="20210119 22:39:23.760" level="INFO">${var} = 5</msg>
<status status="PASS" starttime="20210119 22:39:23.759" endtime="20210119 22:39:23.760"></status>
</kw>
<kw name="${index} IN RANGE [ ${var} + 1 ]" type="for">
<kw name="${index} = 0" type="foritem">
<kw name="Log" library="BuiltIn">
<doc>Logs the given message with the given level.</doc>
<arguments>
<arg>${index}</arg>
</arguments>
<msg timestamp="20210119 22:39:23.760" level="INFO">0</msg>
<status status="PASS" starttime="20210119 22:39:23.760" endtime="20210119 22:39:23.760"></status>
</kw>
<status status="PASS" starttime="20210119 22:39:23.760" endtime="20210119 22:39:23.760"></status>
</kw>
<kw name="${index} = 1" type="foritem">
<kw name="Log" library="BuiltIn">
<doc>Logs the given message with the given level.</doc>
<arguments>
<arg>${index}</arg>
</arguments>
<msg timestamp="20210119 22:39:23.760" level="INFO">1</msg>
<status status="PASS" starttime="20210119 22:39:23.760" endtime="20210119 22:39:23.760"></status>
</kw>
<status status="PASS" starttime="20210119 22:39:23.760" endtime="20210119 22:39:23.760"></status>
</kw>
<kw name="${index} = 2" type="foritem">
<kw name="Log" library="BuiltIn">
<doc>Logs the given message with the given level.</doc>
<arguments>
<arg>${index}</arg>
</arguments>
<msg timestamp="20210119 22:39:23.761" level="INFO">2</msg>
<status status="PASS" starttime="20210119 22:39:23.761" endtime="20210119 22:39:23.761"></status>
</kw>
<status status="PASS" starttime="20210119 22:39:23.760" endtime="20210119 22:39:23.761"></status>
</kw>
<kw name="${index} = 3" type="foritem">
<kw name="Log" library="BuiltIn">
<doc>Logs the given message with the given level.</doc>
<arguments>
<arg>${index}</arg>
</arguments>
<msg timestamp="20210119 22:39:23.761" level="INFO">3</msg>
<status status="PASS" starttime="20210119 22:39:23.761" endtime="20210119 22:39:23.761"></status>
</kw>
<status status="PASS" starttime="20210119 22:39:23.761" endtime="20210119 22:39:23.761"></status>
</kw>
<kw name="${index} = 4" type="foritem">
<kw name="Log" library="BuiltIn">
<doc>Logs the given message with the given level.</doc>
<arguments>
<arg>${index}</arg>
</arguments>
<msg timestamp="20210119 22:39:23.761" level="INFO">4</msg>
<status status="PASS" starttime="20210119 22:39:23.761" endtime="20210119 22:39:23.761"></status>
</kw>
<status status="PASS" starttime="20210119 22:39:23.761" endtime="20210119 22:39:23.761"></status>
</kw>
<kw name="${index} = 5" type="foritem">
<kw name="Log" library="BuiltIn">
<doc>Logs the given message with the given level.</doc>
<arguments>
<arg>${index}</arg>
</arguments>
<msg timestamp="20210119 22:39:23.762" level="INFO">5</msg>
<status status="PASS" starttime="20210119 22:39:23.762" endtime="20210119 22:39:23.762"></status>
</kw>
<status status="PASS" starttime="20210119 22:39:23.761" endtime="20210119 22:39:23.762"></status>
</kw>
<status status="PASS" starttime="20210119 22:39:23.760" endtime="20210119 22:39:23.762"></status>
</kw>
<status status="PASS" starttime="20210119 22:39:23.759" endtime="20210119 22:39:23.762"></status>
</kw>
<kw name="Intervalos específicos">
<doc>Percorre de 0 até 30, pulando de 5 em 5</doc>
<kw name="${index} IN RANGE [ 0 | 31 | 5 ]" type="for">
<kw name="${index} = 0" type="foritem">
<kw name="Log" library="BuiltIn">
<doc>Logs the given message with the given level.</doc>
<arguments>
<arg>${index}</arg>
</arguments>
<msg timestamp="20210119 22:39:23.763" level="INFO">0</msg>
<status status="PASS" starttime="20210119 22:39:23.762" endtime="20210119 22:39:23.763"></status>
</kw>
<status status="PASS" starttime="20210119 22:39:23.762" endtime="20210119 22:39:23.763"></status>
</kw>
<kw name="${index} = 5" type="foritem">
<kw name="Log" library="BuiltIn">
<doc>Logs the given message with the given level.</doc>
<arguments>
<arg>${index}</arg>
</arguments>
<msg timestamp="20210119 22:39:23.763" level="INFO">5</msg>
<status status="PASS" starttime="20210119 22:39:23.763" endtime="20210119 22:39:23.763"></status>
</kw>
<status status="PASS" starttime="20210119 22:39:23.763" endtime="20210119 22:39:23.763"></status>
</kw>
<kw name="${index} = 10" type="foritem">
<kw name="Log" library="BuiltIn">
<doc>Logs the given message with the given level.</doc>
<arguments>
<arg>${index}</arg>
</arguments>
<msg timestamp="20210119 22:39:23.763" level="INFO">10</msg>
<status status="PASS" starttime="20210119 22:39:23.763" endtime="20210119 22:39:23.763"></status>
</kw>
<status status="PASS" starttime="20210119 22:39:23.763" endtime="20210119 22:39:23.763"></status>
</kw>
<kw name="${index} = 15" type="foritem">
<kw name="Log" library="BuiltIn">
<doc>Logs the given message with the given level.</doc>
<arguments>
<arg>${index}</arg>
</arguments>
<msg timestamp="20210119 22:39:23.764" level="INFO">15</msg>
<status status="PASS" starttime="20210119 22:39:23.764" endtime="20210119 22:39:23.764"></status>
</kw>
<status status="PASS" starttime="20210119 22:39:23.764" endtime="20210119 22:39:23.764"></status>
</kw>
<kw name="${index} = 20" type="foritem">
<kw name="Log" library="BuiltIn">
<doc>Logs the given message with the given level.</doc>
<arguments>
<arg>${index}</arg>
</arguments>
<msg timestamp="20210119 22:39:23.764" level="INFO">20</msg>
<status status="PASS" starttime="20210119 22:39:23.764" endtime="20210119 22:39:23.764"></status>
</kw>
<status status="PASS" starttime="20210119 22:39:23.764" endtime="20210119 22:39:23.764"></status>
</kw>
<kw name="${index} = 25" type="foritem">
<kw name="Log" library="BuiltIn">
<doc>Logs the given message with the given level.</doc>
<arguments>
<arg>${index}</arg>
</arguments>
<msg timestamp="20210119 22:39:23.765" level="INFO">25</msg>
<status status="PASS" starttime="20210119 22:39:23.764" endtime="20210119 22:39:23.765"></status>
</kw>
<status status="PASS" starttime="20210119 22:39:23.764" endtime="20210119 22:39:23.765"></status>
</kw>
<kw name="${index} = 30" type="foritem">
<kw name="Log" library="BuiltIn">
<doc>Logs the given message with the given level.</doc>
<arguments>
<arg>${index}</arg>
</arguments>
<msg timestamp="20210119 22:39:23.765" level="INFO">30</msg>
<status status="PASS" starttime="20210119 22:39:23.765" endtime="20210119 22:39:23.765"></status>
</kw>
<status status="PASS" starttime="20210119 22:39:23.765" endtime="20210119 22:39:23.765"></status>
</kw>
<status status="PASS" starttime="20210119 22:39:23.762" endtime="20210119 22:39:23.765"></status>
</kw>
<status status="PASS" starttime="20210119 22:39:23.762" endtime="20210119 22:39:23.765"></status>
</kw>
<status status="PASS" starttime="20210119 22:39:23.747" endtime="20210119 22:39:23.768" critical="yes"></status>
</test>
<status status="PASS" starttime="20210119 22:39:23.725" endtime="20210119 22:39:23.769"></status>
</suite>
<statistics>
<total>
<stat pass="1" fail="0">Critical Tests</stat>
<stat pass="1" fail="0">All Tests</stat>
</total>
<tag>
</tag>
<suite>
<stat pass="1" fail="0" id="s1" name="ForInRange">ForInRange</stat>
</suite>
</statistics>
<errors>
</errors>
</robot>
